<?xml version="1.0" encoding="UTF-8"?>
<component>
	<content-type>/component/fatcadeclaration</content-type>	<display-template/>
	<merge-strategy>inherit-levels</merge-strategy>
	<objectGroupId>4148</objectGroupId>
	<objectId>4148ae0b-d91e-0a4c-0566-0d3f1695d236</objectId>
	<internal-name>test</internal-name>
	<file-name>test.xml</file-name>
	<folder-name/>
	<consent item-list="true">	<item>	<consent-id>1</consent-id>
	<priority>1</priority>
	<active>Y</active>
	<required>Y</required>
	<content>You agree to the following:</content>
	<redirecturl>/path/to/next/page</redirecturl>
	<consentShortName>&lt;p&gt;lorem ipsum - 1&lt;/p&gt;</consentShortName>
	<sub-content>&lt;p&gt;You also authorize Kotak to access your PAN &amp; KYC information from KRAs(KYC registration agencies) and we will use the same information for your investment journey with us.&lt;/p&gt;
&lt;p&gt;By clicking continue you authorize us to contact you. This will override the registry with DNC / NDNC.&lt;/p&gt;
&lt;p&gt;You also agree to the terms &amp; conditions&lt;/p&gt;</sub-content>
	<sub-content-id>1</sub-content-id>
	<is-sub-content>Y</is-sub-content>
	</item>	<item>	<consent-id>2</consent-id>
	<consentShortName>&lt;p&gt;lorem ipsum-2&lt;/p&gt;</consentShortName>
	<priority>2</priority>
	<active>Y</active>
	<required>Y</required>
	<content>(Optional) I would like to receive all important communication through Whatsapp </content>
	<sub-content/>
	<redirecturl/>
	<sub-content-id/>
	<is-sub-content/>
	</item>	<item>	<consent-id>3</consent-id>
	<consentShortName>&lt;p&gt;lorem-ipsum-3&lt;/p&gt;</consentShortName>
	<priority>3</priority>
	<active>Y</active>
	<required>Y</required>
	<content>(Optional) Facial Recognition Consent</content>
	<sub-content/>
	<redirecturl/>
	<sub-content-id/>
	<is-sub-content/>
	</item></consent>
	<createdDate>2020-03-20T11:08:07.102Z</createdDate>
	<createdDate_dt>2020-03-20T11:08:07.102Z</createdDate_dt>
	<lastModifiedDate>2020-03-20T13:28:33.537Z</lastModifiedDate>
	<lastModifiedDate_dt>2020-03-20T13:28:33.537Z</lastModifiedDate_dt>
	<sub-content-id item-list="true">	<item>	<sub-content-id>1</sub-content-id>
	<index>1</index>
	<body>&lt;p&gt;You confirm that you are born in India, resident and citizen of India and not a tax resident of any other country than India and do not have any political exposure.&lt;/p&gt;</body>
	</item>	<item>	<sub-content-id>1</sub-content-id>
	<index>2</index>
	<body>&lt;p&gt;You also authorize Kotak to access your PAN &amp;amp; KYC information from KRAs(KYC registration agencies) and we will use the same information for your investment journey with us.&lt;/p&gt;</body>
	</item>	<item>	<sub-content-id>1</sub-content-id>
	<index>3</index>
	<body>&lt;p&gt;By clicking continue you authorize us to contact you. This will override the registry with DNC / NDNC.&lt;/p&gt;</body>
	</item>	<item>	<sub-content-id>1</sub-content-id>
	<index>4</index>
	<body>&lt;p&gt;You also agree to the terms &amp;amp; conditions&lt;/p&gt;</body>
	</item></sub-content-id>
</component>